<?xml version="1.0" encoding="UTF-8"?>
<!-- Generated by org.testng.reporters.JUnitReportReporter -->
<testsuite hostname="Harekrishna-PC" name="MavenDemoTest.MavenDemoTest.NEWTEST" tests="2" failures="0" timestamp="20 Jun 2018 09:14:13 GMT" time="20.021" errors="0">
  <testcase name="openMyBlog" time="13.687" classname="MavenDemoTest.MavenDemoTest.NEWTEST"/>
  <testcase name="openMyBlog1" time="6.334" classname="MavenDemoTest.MavenDemoTest.NEWTEST"/>
</testsuite> <!-- MavenDemoTest.MavenDemoTest.NEWTEST -->
